<?xml version="1.0" encoding="UTF-8"?>
<!-- Generated by org.testng.reporters.JUnitReportReporter -->
<testsuite hostname="Sai_Pranay" failures="0" tests="2" name="testCases.LoginTest" time="2.908" errors="0" timestamp="2024-10-06T15:26:16 IST" skipped="0">
  <testcase classname="testCases.LoginTest" name="loginTestCase" time="1.439"/>
  <testcase classname="testCases.LoginTest" name="loginTestCase" time="1.469"/>
</testsuite> <!-- testCases.LoginTest -->
