<?xml version="1.0" encoding="UTF-8"?>
<!-- Generated by org.testng.reporters.JUnitReportReporter -->
<testsuite hostname="Sai_Pranay" failures="0" tests="2" name="testCases.AccountRegistrationTest" time="6.544" errors="0" timestamp="2024-10-05T23:07:36 IST" skipped="0">
  <testcase classname="testCases.AccountRegistrationTest" name="goToRegister" time="2.608"/>
  <testcase classname="testCases.AccountRegistrationTest" name="goToRegister" time="3.936"/>
</testsuite> <!-- testCases.AccountRegistrationTest -->
